<?xml version="1.0" encoding="UTF-8"?>
<!-- Generated by org.testng.reporters.JUnitReportReporter -->
<testsuite hostname="RS" failures="0" tests="3" name="com.crm.qa.testcases.LoginPageTest" time="15.747" errors="0" timestamp="2022-07-22T15:16:43 EDT" skipped="0">
  <testcase classname="com.crm.qa.testcases.LoginPageTest" name="loginPageTitleTest" time="4.088"/>
  <testcase classname="com.crm.qa.testcases.LoginPageTest" name="crmLogoImageTest" time="4.142"/>
  <testcase classname="com.crm.qa.testcases.LoginPageTest" name="loginTest" time="7.517"/>
</testsuite> <!-- com.crm.qa.testcases.LoginPageTest -->
