<?xml version="1.0" encoding="UTF-8"?>
<!-- Generated by org.testng.reporters.JUnitReportReporter -->
<testsuite hostname="RS" failures="0" tests="1" name="com.crm.qa.testcases.ContactsPageTest" time="10.086" errors="0" timestamp="2022-07-22T15:16:43 EDT" skipped="0">
  <testcase classname="com.crm.qa.testcases.ContactsPageTest" name="verifyContactsPageLabel" time="10.086"/>
</testsuite> <!-- com.crm.qa.testcases.ContactsPageTest -->
