<?xml version="1.0" encoding="UTF-8"?>
<!-- Generated by org.testng.reporters.JUnitReportReporter -->
<testsuite hostname="RS" failures="0" tests="3" name="com.crm.qa.testcases.HomePageTest" time="19.619" errors="0" timestamp="2022-07-22T15:16:43 EDT" skipped="0">
  <testcase classname="com.crm.qa.testcases.HomePageTest" name="verifyHomePageTitleTest" time="6.267"/>
  <testcase classname="com.crm.qa.testcases.HomePageTest" name="verifyUserNameTest" time="6.195"/>
  <testcase classname="com.crm.qa.testcases.HomePageTest" name="verifyContactsLinkTest" time="7.157"/>
</testsuite> <!-- com.crm.qa.testcases.HomePageTest -->
